<?xml version="1.0" encoding="UTF-8"?>
<testsuite name="testmyclass" tests="1" skipped="0" failures="0" errors="0" timestamp="2023-09-23T10:47:34" hostname="LAPTOP-49P1VB8M" time="0.045">
  <properties/>
  <testcase name="testAdd()" classname="testmyclass" time="0.045"/>
  <system-out><![CDATA[]]></system-out>
  <system-err><![CDATA[]]></system-err>
</testsuite>
